d:\study\course\junior2\advanced_programming\project\design3\design3\code\x64\release\vc142.pdb
d:\study\course\junior2\advanced_programming\project\design3\design3\code\x64\release\same_row_col.obj
d:\study\course\junior2\advanced_programming\project\design3\design3\code\x64\release\random.obj
d:\study\course\junior2\advanced_programming\project\design3\design3\code\x64\release\modescene.obj
d:\study\course\junior2\advanced_programming\project\design3\design3\code\x64\release\jackzombie.obj
d:\study\course\junior2\advanced_programming\project\design3\design3\code\x64\release\init.obj
d:\study\course\junior2\advanced_programming\project\design3\design3\code\x64\release\garlic.obj
d:\study\course\junior2\advanced_programming\project\design3\design3\code\x64\release\gamescene.obj
d:\study\course\junior2\advanced_programming\project\design3\design3\code\x64\release\fileoperation.obj
d:\study\course\junior2\advanced_programming\project\design3\design3\code\x64\release\debugmode.obj
d:\study\course\junior2\advanced_programming\project\design3\design3\code\x64\release\conezombie.obj
d:\study\course\junior2\advanced_programming\project\design3\design3\code\x64\release\close.obj
d:\study\course\junior2\advanced_programming\project\design3\design3\code\x64\release\cherrybomb.obj
d:\study\course\junior2\advanced_programming\project\design3\design3\code\x64\release\catapultzombie.obj
d:\study\course\junior2\advanced_programming\project\design3\design3\code\x64\release\car.obj
d:\study\course\junior2\advanced_programming\project\design3\design3\code\x64\release\bullet.obj
d:\study\course\junior2\advanced_programming\project\design3\design3\code\x64\release\bucketheadzombie.obj
d:\study\course\junior2\advanced_programming\project\design3\design3\code\x64\release\basketball.obj
d:\study\course\junior2\advanced_programming\project\design3\design3\code\x64\release\basiczombie.obj
d:\study\course\junior2\advanced_programming\project\design3\design3\code\x64\release\ball.obj
d:\study\course\junior2\advanced_programming\project\design3\design3\code\x64\release\animation.obj
d:\study\course\junior2\advanced_programming\project\design3\design3\code\x64\release\snowpea.obj
d:\study\course\junior2\advanced_programming\project\design3\design3\code\x64\release\show.obj
d:\study\course\junior2\advanced_programming\project\design3\design3\code\x64\release\shooter.obj
d:\study\course\junior2\advanced_programming\project\design3\design3\code\x64\release\scene.obj
d:\study\course\junior2\advanced_programming\project\design3\design3\code\x64\release\repeater.obj
d:\study\course\junior2\advanced_programming\project\design3\design3\code\x64\release\plantsvszombies.obj
d:\study\course\junior2\advanced_programming\project\design3\design3\code\x64\release\plant.obj
d:\study\course\junior2\advanced_programming\project\design3\design3\code\x64\release\peashooter.obj
d:\study\course\junior2\advanced_programming\project\design3\design3\code\x64\release\peabullet.obj
d:\study\course\junior2\advanced_programming\project\design3\design3\code\x64\release\object.obj
d:\study\course\junior2\advanced_programming\project\design3\design3\code\x64\release\screenzombie.obj
d:\study\course\junior2\advanced_programming\project\design3\design3\code\x64\release\pumpkin.obj
d:\study\course\junior2\advanced_programming\project\design3\design3\code\x64\release\nonewspaperzombie.obj
d:\study\course\junior2\advanced_programming\project\design3\design3\code\x64\release\newspaperzombie.obj
d:\study\course\junior2\advanced_programming\project\design3\design3\code\x64\release\movable.obj
d:\study\course\junior2\advanced_programming\project\design3\design3\code\x64\release\losescene.obj
d:\study\course\junior2\advanced_programming\project\design3\design3\code\x64\release\image.obj
d:\study\course\junior2\advanced_programming\project\design3\design3\code\x64\release\icepeabullet.obj
d:\study\course\junior2\advanced_programming\project\design3\design3\code\x64\release\highwallnuts.obj
d:\study\course\junior2\advanced_programming\project\design3\design3\code\x64\release\squash.obj
d:\study\course\junior2\advanced_programming\project\design3\design3\code\x64\release\zombie.obj
d:\study\course\junior2\advanced_programming\project\design3\design3\code\x64\release\winscene.obj
d:\study\course\junior2\advanced_programming\project\design3\design3\code\x64\release\waterbullet.obj
d:\study\course\junior2\advanced_programming\project\design3\design3\code\x64\release\wallnut.obj
d:\study\course\junior2\advanced_programming\project\design3\design3\code\x64\release\vaultingzombie.obj
d:\study\course\junior2\advanced_programming\project\design3\design3\code\x64\release\updatewithoutinput.obj
d:\study\course\junior2\advanced_programming\project\design3\design3\code\x64\release\updatewithinput.obj
d:\study\course\junior2\advanced_programming\project\design3\design3\code\x64\release\sunflower.obj
d:\study\course\junior2\advanced_programming\project\design3\design3\code\x64\release\sun.obj
d:\study\course\junior2\advanced_programming\project\design3\design3\code\x64\release\stringtools.obj
d:\study\course\junior2\advanced_programming\project\design3\design3\code\x64\release\startup.obj
d:\study\course\junior2\advanced_programming\project\design3\design3\code\x64\release\startscene.obj
d:\study\course\junior2\advanced_programming\project\design3\design3\code\x64\release\sound.obj
d:\study\course\junior2\advanced_programming\project\design3\design3\code\x64\release\plantsvszombies.tlog\cl.command.1.tlog
d:\study\course\junior2\advanced_programming\project\design3\design3\code\x64\release\plantsvszombies.tlog\cl.read.1.tlog
d:\study\course\junior2\advanced_programming\project\design3\design3\code\x64\release\plantsvszombies.tlog\cl.write.1.tlog
d:\study\course\junior2\advanced_programming\project\design3\design3\code\x64\release\plantsvszombies.tlog\link.command.1.tlog
d:\study\course\junior2\advanced_programming\project\design3\design3\code\x64\release\plantsvszombies.tlog\link.read.1.tlog
d:\study\course\junior2\advanced_programming\project\design3\design3\code\x64\release\plantsvszombies.tlog\link.write.1.tlog
